<?xml version="1.0" encoding="UTF-8"?>
<testng-results ignored="0" total="8" passed="6" failed="2" skipped="0">
  <reporter-output>
    <line>
      <![CDATA[Driver Closed After Testing]]>
    </line>
  </reporter-output>
  <suite started-at="2022-07-08T10:46:28 NZST" name="Buggy Cars Portal Tests" finished-at="2022-07-08T10:47:12 NZST" duration-ms="44336">
    <groups>
    </groups>
    <test started-at="2022-07-08T10:46:28 NZST" name="Buggy Cars Login Tests" finished-at="2022-07-08T10:46:33 NZST" duration-ms="4901">
      <class name="com.buggy.car.portals.tests.LoginTest">
        <test-method is-config="true" signature="setUp()[pri:0, instance:com.buggy.car.portals.tests.LoginTest@4bf48f6]" started-at="2022-07-08T10:46:28 NZST" name="setUp" finished-at="2022-07-08T10:46:30 NZST" duration-ms="2497" status="PASS">
          <reporter-output>
          </reporter-output>
        </test-method> <!-- setUp -->
        <test-method signature="test_blank_username()[pri:0, instance:com.buggy.car.portals.tests.LoginTest@4bf48f6]" started-at="2022-07-08T10:46:30 NZST" name="test_blank_username" finished-at="2022-07-08T10:46:31 NZST" duration-ms="294" status="PASS">
          <reporter-output>
          </reporter-output>
        </test-method> <!-- test_blank_username -->
        <test-method signature="test_invalid_password()[pri:0, instance:com.buggy.car.portals.tests.LoginTest@4bf48f6]" started-at="2022-07-08T10:46:31 NZST" name="test_invalid_password" finished-at="2022-07-08T10:46:31 NZST" duration-ms="579" status="PASS">
          <reporter-output>
          </reporter-output>
        </test-method> <!-- test_invalid_password -->
        <test-method signature="test_invalid_username()[pri:0, instance:com.buggy.car.portals.tests.LoginTest@4bf48f6]" started-at="2022-07-08T10:46:31 NZST" name="test_invalid_username" finished-at="2022-07-08T10:46:31 NZST" duration-ms="256" status="PASS">
          <reporter-output>
          </reporter-output>
        </test-method> <!-- test_invalid_username -->
        <test-method signature="test_valid_login()[pri:0, instance:com.buggy.car.portals.tests.LoginTest@4bf48f6]" started-at="2022-07-08T10:46:31 NZST" name="test_valid_login" finished-at="2022-07-08T10:46:32 NZST" duration-ms="1128" status="FAIL">
          <exception class="java.lang.AssertionError">
            <message>
              <![CDATA[The following asserts failed:
expected [Buggy Cars] but found [Buggy Cars Rating],
expected [Buggy Cars Portal] but found [Buggy Cars Rating]]]>
            </message>
            <full-stacktrace>
              <![CDATA[java.lang.AssertionError: The following asserts failed:
expected [Buggy Cars] but found [Buggy Cars Rating],
expected [Buggy Cars Portal] but found [Buggy Cars Rating]
at org.testng.asserts.SoftAssert.assertAll(SoftAssert.java:46)
at org.testng.asserts.SoftAssert.assertAll(SoftAssert.java:30)
at com.buggy.car.portals.tests.LoginTest.test_valid_login(LoginTest.java:51)
at java.base/jdk.internal.reflect.NativeMethodAccessorImpl.invoke0(Native Method)
at java.base/jdk.internal.reflect.NativeMethodAccessorImpl.invoke(NativeMethodAccessorImpl.java:64)
at java.base/jdk.internal.reflect.DelegatingMethodAccessorImpl.invoke(DelegatingMethodAccessorImpl.java:43)
at java.base/java.lang.reflect.Method.invoke(Method.java:564)
at org.testng.internal.invokers.MethodInvocationHelper.invokeMethod(MethodInvocationHelper.java:135)
at org.testng.internal.invokers.TestInvoker.invokeMethod(TestInvoker.java:673)
at org.testng.internal.invokers.TestInvoker.invokeTestMethod(TestInvoker.java:220)
at org.testng.internal.invokers.MethodRunner.runInSequence(MethodRunner.java:50)
at org.testng.internal.invokers.TestInvoker$MethodInvocationAgent.invoke(TestInvoker.java:945)
at org.testng.internal.invokers.TestInvoker.invokeTestMethods(TestInvoker.java:193)
at org.testng.internal.invokers.TestMethodWorker.invokeTestMethods(TestMethodWorker.java:146)
at org.testng.internal.invokers.TestMethodWorker.run(TestMethodWorker.java:128)
at java.base/java.util.ArrayList.forEach(ArrayList.java:1511)
at org.testng.TestRunner.privateRun(TestRunner.java:808)
at org.testng.TestRunner.run(TestRunner.java:603)
at org.testng.SuiteRunner.runTest(SuiteRunner.java:429)
at org.testng.SuiteRunner.runSequentially(SuiteRunner.java:423)
at org.testng.SuiteRunner.privateRun(SuiteRunner.java:383)
at org.testng.SuiteRunner.run(SuiteRunner.java:326)
at org.testng.SuiteRunnerWorker.runSuite(SuiteRunnerWorker.java:52)
at org.testng.SuiteRunnerWorker.run(SuiteRunnerWorker.java:95)
at org.testng.TestNG.runSuitesSequentially(TestNG.java:1249)
at org.testng.TestNG.runSuitesLocally(TestNG.java:1169)
at org.testng.TestNG.runSuites(TestNG.java:1092)
at org.testng.TestNG.run(TestNG.java:1060)
at com.intellij.rt.testng.IDEARemoteTestNG.run(IDEARemoteTestNG.java:66)
at com.intellij.rt.testng.RemoteTestNGStarter.main(RemoteTestNGStarter.java:109)
]]>
            </full-stacktrace>
          </exception> <!-- java.lang.AssertionError -->
          <reporter-output>
          </reporter-output>
        </test-method> <!-- test_valid_login -->
        <test-method is-config="true" signature="tearDown()[pri:0, instance:com.buggy.car.portals.tests.LoginTest@4bf48f6]" started-at="2022-07-08T10:46:32 NZST" name="tearDown" finished-at="2022-07-08T10:46:33 NZST" duration-ms="118" status="PASS">
          <reporter-output>
            <line>
              <![CDATA[Driver Closed After Testing]]>
            </line>
          </reporter-output>
        </test-method> <!-- tearDown -->
      </class> <!-- com.buggy.car.portals.tests.LoginTest -->
    </test> <!-- Buggy Cars Login Tests -->
    <test started-at="2022-07-08T10:46:33 NZST" name="Buggy Cars Register Tests" finished-at="2022-07-08T10:46:35 NZST" duration-ms="2883">
      <class name="com.buggy.car.portals.tests.RegisterTest">
        <test-method is-config="true" signature="setUp()[pri:0, instance:com.buggy.car.portals.tests.RegisterTest@4b34fff9]" started-at="2022-07-08T10:46:33 NZST" name="setUp" finished-at="2022-07-08T10:46:34 NZST" duration-ms="1724" status="PASS">
          <reporter-output>
          </reporter-output>
        </test-method> <!-- setUp -->
        <test-method signature="test_valid_register()[pri:0, instance:com.buggy.car.portals.tests.RegisterTest@4b34fff9]" started-at="2022-07-08T10:46:34 NZST" name="test_valid_register" finished-at="2022-07-08T10:46:35 NZST" duration-ms="1051" status="PASS">
          <reporter-output>
          </reporter-output>
        </test-method> <!-- test_valid_register -->
        <test-method is-config="true" signature="tearDown()[pri:0, instance:com.buggy.car.portals.tests.RegisterTest@4b34fff9]" started-at="2022-07-08T10:46:35 NZST" name="tearDown" finished-at="2022-07-08T10:46:35 NZST" duration-ms="108" status="PASS">
          <reporter-output>
          </reporter-output>
        </test-method> <!-- tearDown -->
      </class> <!-- com.buggy.car.portals.tests.RegisterTest -->
    </test> <!-- Buggy Cars Register Tests -->
    <test started-at="2022-07-08T10:46:36 NZST" name="Buggy Cars Vote Tests" finished-at="2022-07-08T10:46:55 NZST" duration-ms="19034">
      <class name="com.buggy.car.portals.tests.BuggyCarsVoteTest">
        <test-method is-config="true" signature="setUp()[pri:0, instance:com.buggy.car.portals.tests.BuggyCarsVoteTest@16aa8654]" started-at="2022-07-08T10:46:36 NZST" name="setUp" finished-at="2022-07-08T10:46:37 NZST" duration-ms="1852" status="PASS">
          <reporter-output>
          </reporter-output>
        </test-method> <!-- setUp -->
        <test-method signature="test_voting()[pri:0, instance:com.buggy.car.portals.tests.BuggyCarsVoteTest@16aa8654]" started-at="2022-07-08T10:46:37 NZST" name="test_voting" finished-at="2022-07-08T10:46:54 NZST" duration-ms="17063" status="PASS">
          <reporter-output>
          </reporter-output>
        </test-method> <!-- test_voting -->
        <test-method is-config="true" signature="tearDown()[pri:0, instance:com.buggy.car.portals.tests.BuggyCarsVoteTest@16aa8654]" started-at="2022-07-08T10:46:54 NZST" name="tearDown" finished-at="2022-07-08T10:46:55 NZST" duration-ms="119" status="PASS">
          <reporter-output>
          </reporter-output>
        </test-method> <!-- tearDown -->
      </class> <!-- com.buggy.car.portals.tests.BuggyCarsVoteTest -->
    </test> <!-- Buggy Cars Vote Tests -->
    <test started-at="2022-07-08T10:46:55 NZST" name="Buggy Cars Sort Tests" finished-at="2022-07-08T10:47:02 NZST" duration-ms="7614">
      <class name="com.buggy.car.portals.tests.BuggyCarRatingSortTest">
        <test-method is-config="true" signature="setUp()[pri:0, instance:com.buggy.car.portals.tests.BuggyCarRatingSortTest@4f74980d]" started-at="2022-07-08T10:46:55 NZST" name="setUp" finished-at="2022-07-08T10:46:56 NZST" duration-ms="1866" status="PASS">
          <reporter-output>
          </reporter-output>
        </test-method> <!-- setUp -->
        <test-method signature="test_valid_rank_sort()[pri:0, instance:com.buggy.car.portals.tests.BuggyCarRatingSortTest@4f74980d]" started-at="2022-07-08T10:46:56 NZST" name="test_valid_rank_sort" finished-at="2022-07-08T10:47:02 NZST" duration-ms="5637" status="FAIL">
          <exception class="java.lang.AssertionError">
            <message>
              <![CDATA[Sorting by rank did not sort correctly expected [true] but found [false]]]>
            </message>
            <full-stacktrace>
              <![CDATA[java.lang.AssertionError: Sorting by rank did not sort correctly expected [true] but found [false]
at org.testng.Assert.fail(Assert.java:110)
at org.testng.Assert.failNotEquals(Assert.java:1413)
at org.testng.Assert.assertTrue(Assert.java:56)
at com.buggy.car.portals.tests.BuggyCarRatingSortTest.test_valid_rank_sort(BuggyCarRatingSortTest.java:37)
at java.base/jdk.internal.reflect.NativeMethodAccessorImpl.invoke0(Native Method)
at java.base/jdk.internal.reflect.NativeMethodAccessorImpl.invoke(NativeMethodAccessorImpl.java:64)
at java.base/jdk.internal.reflect.DelegatingMethodAccessorImpl.invoke(DelegatingMethodAccessorImpl.java:43)
at java.base/java.lang.reflect.Method.invoke(Method.java:564)
at org.testng.internal.invokers.MethodInvocationHelper.invokeMethod(MethodInvocationHelper.java:135)
at org.testng.internal.invokers.TestInvoker.invokeMethod(TestInvoker.java:673)
at org.testng.internal.invokers.TestInvoker.invokeTestMethod(TestInvoker.java:220)
at org.testng.internal.invokers.MethodRunner.runInSequence(MethodRunner.java:50)
at org.testng.internal.invokers.TestInvoker$MethodInvocationAgent.invoke(TestInvoker.java:945)
at org.testng.internal.invokers.TestInvoker.invokeTestMethods(TestInvoker.java:193)
at org.testng.internal.invokers.TestMethodWorker.invokeTestMethods(TestMethodWorker.java:146)
at org.testng.internal.invokers.TestMethodWorker.run(TestMethodWorker.java:128)
at java.base/java.util.ArrayList.forEach(ArrayList.java:1511)
at org.testng.TestRunner.privateRun(TestRunner.java:808)
at org.testng.TestRunner.run(TestRunner.java:603)
at org.testng.SuiteRunner.runTest(SuiteRunner.java:429)
at org.testng.SuiteRunner.runSequentially(SuiteRunner.java:423)
at org.testng.SuiteRunner.privateRun(SuiteRunner.java:383)
at org.testng.SuiteRunner.run(SuiteRunner.java:326)
at org.testng.SuiteRunnerWorker.runSuite(SuiteRunnerWorker.java:52)
at org.testng.SuiteRunnerWorker.run(SuiteRunnerWorker.java:95)
at org.testng.TestNG.runSuitesSequentially(TestNG.java:1249)
at org.testng.TestNG.runSuitesLocally(TestNG.java:1169)
at org.testng.TestNG.runSuites(TestNG.java:1092)
at org.testng.TestNG.run(TestNG.java:1060)
at com.intellij.rt.testng.IDEARemoteTestNG.run(IDEARemoteTestNG.java:66)
at com.intellij.rt.testng.RemoteTestNGStarter.main(RemoteTestNGStarter.java:109)
]]>
            </full-stacktrace>
          </exception> <!-- java.lang.AssertionError -->
          <reporter-output>
          </reporter-output>
        </test-method> <!-- test_valid_rank_sort -->
        <test-method is-config="true" signature="tearDown()[pri:0, instance:com.buggy.car.portals.tests.BuggyCarRatingSortTest@4f74980d]" started-at="2022-07-08T10:47:02 NZST" name="tearDown" finished-at="2022-07-08T10:47:02 NZST" duration-ms="109" status="PASS">
          <reporter-output>
          </reporter-output>
        </test-method> <!-- tearDown -->
      </class> <!-- com.buggy.car.portals.tests.BuggyCarRatingSortTest -->
    </test> <!-- Buggy Cars Sort Tests -->
    <test started-at="2022-07-08T10:47:02 NZST" name="Buggy Cars Profile Logout Tests" finished-at="2022-07-08T10:47:12 NZST" duration-ms="9874">
      <class name="com.buggy.car.portals.tests.ProfileTest">
        <test-method is-config="true" signature="setUp()[pri:0, instance:com.buggy.car.portals.tests.ProfileTest@68f1b17f]" started-at="2022-07-08T10:47:02 NZST" name="setUp" finished-at="2022-07-08T10:47:04 NZST" duration-ms="2015" status="PASS">
          <reporter-output>
          </reporter-output>
        </test-method> <!-- setUp -->
        <test-method signature="test_voting()[pri:0, instance:com.buggy.car.portals.tests.ProfileTest@68f1b17f]" started-at="2022-07-08T10:47:04 NZST" name="test_voting" finished-at="2022-07-08T10:47:12 NZST" duration-ms="7745" status="PASS">
          <reporter-output>
          </reporter-output>
        </test-method> <!-- test_voting -->
        <test-method is-config="true" signature="tearDown()[pri:0, instance:com.buggy.car.portals.tests.ProfileTest@68f1b17f]" started-at="2022-07-08T10:47:12 NZST" name="tearDown" finished-at="2022-07-08T10:47:12 NZST" duration-ms="111" status="PASS">
          <reporter-output>
          </reporter-output>
        </test-method> <!-- tearDown -->
      </class> <!-- com.buggy.car.portals.tests.ProfileTest -->
    </test> <!-- Buggy Cars Profile Logout Tests -->
  </suite> <!-- Buggy Cars Portal Tests -->
</testng-results>
