<?xml version="1.0" encoding="UTF-8"?>
<testng-results ignored="0" total="8" passed="7" failed="1" skipped="0">
  <reporter-output>
    <line>
      <![CDATA[Driver Closed After Testing]]>
    </line>
  </reporter-output>
  <suite started-at="2022-07-08T10:53:53 NZST" name="Buggy Cars Portal Tests" finished-at="2022-07-08T10:54:39 NZST" duration-ms="45359">
    <groups>
    </groups>
    <test started-at="2022-07-08T10:53:53 NZST" name="Buggy Cars Login Tests" finished-at="2022-07-08T10:53:59 NZST" duration-ms="5156">
      <class name="com.buggy.car.portals.tests.LoginTest">
        <test-method is-config="true" signature="setUp()[pri:0, instance:com.buggy.car.portals.tests.LoginTest@4e07b95f]" started-at="2022-07-08T10:53:53 NZST" name="setUp" finished-at="2022-07-08T10:53:56 NZST" duration-ms="2578" status="PASS">
          <reporter-output>
          </reporter-output>
        </test-method> <!-- setUp -->
        <test-method signature="test_blank_username()[pri:0, instance:com.buggy.car.portals.tests.LoginTest@4e07b95f]" started-at="2022-07-08T10:53:56 NZST" name="test_blank_username" finished-at="2022-07-08T10:53:56 NZST" duration-ms="270" status="PASS">
          <reporter-output>
          </reporter-output>
        </test-method> <!-- test_blank_username -->
        <test-method signature="test_invalid_password()[pri:0, instance:com.buggy.car.portals.tests.LoginTest@4e07b95f]" started-at="2022-07-08T10:53:56 NZST" name="test_invalid_password" finished-at="2022-07-08T10:53:57 NZST" duration-ms="627" status="PASS">
          <reporter-output>
          </reporter-output>
        </test-method> <!-- test_invalid_password -->
        <test-method signature="test_invalid_username()[pri:0, instance:com.buggy.car.portals.tests.LoginTest@4e07b95f]" started-at="2022-07-08T10:53:57 NZST" name="test_invalid_username" finished-at="2022-07-08T10:53:57 NZST" duration-ms="254" status="PASS">
          <reporter-output>
          </reporter-output>
        </test-method> <!-- test_invalid_username -->
        <test-method signature="test_valid_login()[pri:0, instance:com.buggy.car.portals.tests.LoginTest@4e07b95f]" started-at="2022-07-08T10:53:57 NZST" name="test_valid_login" finished-at="2022-07-08T10:53:58 NZST" duration-ms="1242" status="PASS">
          <reporter-output>
          </reporter-output>
        </test-method> <!-- test_valid_login -->
        <test-method is-config="true" signature="tearDown()[pri:0, instance:com.buggy.car.portals.tests.LoginTest@4e07b95f]" started-at="2022-07-08T10:53:58 NZST" name="tearDown" finished-at="2022-07-08T10:53:59 NZST" duration-ms="165" status="PASS">
          <reporter-output>
            <line>
              <![CDATA[Driver Closed After Testing]]>
            </line>
          </reporter-output>
        </test-method> <!-- tearDown -->
      </class> <!-- com.buggy.car.portals.tests.LoginTest -->
    </test> <!-- Buggy Cars Login Tests -->
    <test started-at="2022-07-08T10:53:59 NZST" name="Buggy Cars Register Tests" finished-at="2022-07-08T10:54:02 NZST" duration-ms="3336">
      <class name="com.buggy.car.portals.tests.RegisterTest">
        <test-method is-config="true" signature="setUp()[pri:0, instance:com.buggy.car.portals.tests.RegisterTest@4167d97b]" started-at="2022-07-08T10:53:59 NZST" name="setUp" finished-at="2022-07-08T10:54:00 NZST" duration-ms="1829" status="PASS">
          <reporter-output>
          </reporter-output>
        </test-method> <!-- setUp -->
        <test-method signature="test_valid_register()[pri:0, instance:com.buggy.car.portals.tests.RegisterTest@4167d97b]" started-at="2022-07-08T10:54:00 NZST" name="test_valid_register" finished-at="2022-07-08T10:54:02 NZST" duration-ms="1346" status="PASS">
          <reporter-output>
          </reporter-output>
        </test-method> <!-- test_valid_register -->
        <test-method is-config="true" signature="tearDown()[pri:0, instance:com.buggy.car.portals.tests.RegisterTest@4167d97b]" started-at="2022-07-08T10:54:02 NZST" name="tearDown" finished-at="2022-07-08T10:54:02 NZST" duration-ms="160" status="PASS">
          <reporter-output>
          </reporter-output>
        </test-method> <!-- tearDown -->
      </class> <!-- com.buggy.car.portals.tests.RegisterTest -->
    </test> <!-- Buggy Cars Register Tests -->
    <test started-at="2022-07-08T10:54:02 NZST" name="Buggy Cars Vote Tests" finished-at="2022-07-08T10:54:21 NZST" duration-ms="19036">
      <class name="com.buggy.car.portals.tests.BuggyCarsVoteTest">
        <test-method is-config="true" signature="setUp()[pri:0, instance:com.buggy.car.portals.tests.BuggyCarsVoteTest@5b3f61ff]" started-at="2022-07-08T10:54:02 NZST" name="setUp" finished-at="2022-07-08T10:54:04 NZST" duration-ms="1840" status="PASS">
          <reporter-output>
          </reporter-output>
        </test-method> <!-- setUp -->
        <test-method signature="test_voting()[pri:0, instance:com.buggy.car.portals.tests.BuggyCarsVoteTest@5b3f61ff]" started-at="2022-07-08T10:54:04 NZST" name="test_voting" finished-at="2022-07-08T10:54:21 NZST" duration-ms="17080" status="PASS">
          <reporter-output>
          </reporter-output>
        </test-method> <!-- test_voting -->
        <test-method is-config="true" signature="tearDown()[pri:0, instance:com.buggy.car.portals.tests.BuggyCarsVoteTest@5b3f61ff]" started-at="2022-07-08T10:54:21 NZST" name="tearDown" finished-at="2022-07-08T10:54:21 NZST" duration-ms="115" status="PASS">
          <reporter-output>
          </reporter-output>
        </test-method> <!-- tearDown -->
      </class> <!-- com.buggy.car.portals.tests.BuggyCarsVoteTest -->
    </test> <!-- Buggy Cars Vote Tests -->
    <test started-at="2022-07-08T10:54:21 NZST" name="Buggy Cars Sort Tests" finished-at="2022-07-08T10:54:29 NZST" duration-ms="7686">
      <class name="com.buggy.car.portals.tests.BuggyCarRatingSortTest">
        <test-method is-config="true" signature="setUp()[pri:0, instance:com.buggy.car.portals.tests.BuggyCarRatingSortTest@4fbe37eb]" started-at="2022-07-08T10:54:21 NZST" name="setUp" finished-at="2022-07-08T10:54:23 NZST" duration-ms="1949" status="PASS">
          <reporter-output>
          </reporter-output>
        </test-method> <!-- setUp -->
        <test-method signature="test_valid_rank_sort()[pri:0, instance:com.buggy.car.portals.tests.BuggyCarRatingSortTest@4fbe37eb]" started-at="2022-07-08T10:54:23 NZST" name="test_valid_rank_sort" finished-at="2022-07-08T10:54:29 NZST" duration-ms="5633" status="FAIL">
          <exception class="java.lang.AssertionError">
            <message>
              <![CDATA[Sorting by rank did not sort correctly expected [true] but found [false]]]>
            </message>
            <full-stacktrace>
              <![CDATA[java.lang.AssertionError: Sorting by rank did not sort correctly expected [true] but found [false]
at org.testng.Assert.fail(Assert.java:110)
at org.testng.Assert.failNotEquals(Assert.java:1413)
at org.testng.Assert.assertTrue(Assert.java:56)
at com.buggy.car.portals.tests.BuggyCarRatingSortTest.test_valid_rank_sort(BuggyCarRatingSortTest.java:37)
at java.base/jdk.internal.reflect.NativeMethodAccessorImpl.invoke0(Native Method)
at java.base/jdk.internal.reflect.NativeMethodAccessorImpl.invoke(NativeMethodAccessorImpl.java:64)
at java.base/jdk.internal.reflect.DelegatingMethodAccessorImpl.invoke(DelegatingMethodAccessorImpl.java:43)
at java.base/java.lang.reflect.Method.invoke(Method.java:564)
at org.testng.internal.invokers.MethodInvocationHelper.invokeMethod(MethodInvocationHelper.java:135)
at org.testng.internal.invokers.TestInvoker.invokeMethod(TestInvoker.java:673)
at org.testng.internal.invokers.TestInvoker.invokeTestMethod(TestInvoker.java:220)
at org.testng.internal.invokers.MethodRunner.runInSequence(MethodRunner.java:50)
at org.testng.internal.invokers.TestInvoker$MethodInvocationAgent.invoke(TestInvoker.java:945)
at org.testng.internal.invokers.TestInvoker.invokeTestMethods(TestInvoker.java:193)
at org.testng.internal.invokers.TestMethodWorker.invokeTestMethods(TestMethodWorker.java:146)
at org.testng.internal.invokers.TestMethodWorker.run(TestMethodWorker.java:128)
at java.base/java.util.ArrayList.forEach(ArrayList.java:1511)
at org.testng.TestRunner.privateRun(TestRunner.java:808)
at org.testng.TestRunner.run(TestRunner.java:603)
at org.testng.SuiteRunner.runTest(SuiteRunner.java:429)
at org.testng.SuiteRunner.runSequentially(SuiteRunner.java:423)
at org.testng.SuiteRunner.privateRun(SuiteRunner.java:383)
at org.testng.SuiteRunner.run(SuiteRunner.java:326)
at org.testng.SuiteRunnerWorker.runSuite(SuiteRunnerWorker.java:52)
at org.testng.SuiteRunnerWorker.run(SuiteRunnerWorker.java:95)
at org.testng.TestNG.runSuitesSequentially(TestNG.java:1249)
at org.testng.TestNG.runSuitesLocally(TestNG.java:1169)
at org.testng.TestNG.runSuites(TestNG.java:1092)
at org.testng.TestNG.run(TestNG.java:1060)
at com.intellij.rt.testng.IDEARemoteTestNG.run(IDEARemoteTestNG.java:66)
at com.intellij.rt.testng.RemoteTestNGStarter.main(RemoteTestNGStarter.java:109)
]]>
            </full-stacktrace>
          </exception> <!-- java.lang.AssertionError -->
          <reporter-output>
          </reporter-output>
        </test-method> <!-- test_valid_rank_sort -->
        <test-method is-config="true" signature="tearDown()[pri:0, instance:com.buggy.car.portals.tests.BuggyCarRatingSortTest@4fbe37eb]" started-at="2022-07-08T10:54:29 NZST" name="tearDown" finished-at="2022-07-08T10:54:29 NZST" duration-ms="102" status="PASS">
          <reporter-output>
          </reporter-output>
        </test-method> <!-- tearDown -->
      </class> <!-- com.buggy.car.portals.tests.BuggyCarRatingSortTest -->
    </test> <!-- Buggy Cars Sort Tests -->
    <test started-at="2022-07-08T10:54:29 NZST" name="Buggy Cars Profile Logout Tests" finished-at="2022-07-08T10:54:39 NZST" duration-ms="10120">
      <class name="com.buggy.car.portals.tests.ProfileTest">
        <test-method is-config="true" signature="setUp()[pri:0, instance:com.buggy.car.portals.tests.ProfileTest@7c51f34b]" started-at="2022-07-08T10:54:29 NZST" name="setUp" finished-at="2022-07-08T10:54:31 NZST" duration-ms="2103" status="PASS">
          <reporter-output>
          </reporter-output>
        </test-method> <!-- setUp -->
        <test-method signature="test_voting()[pri:0, instance:com.buggy.car.portals.tests.ProfileTest@7c51f34b]" started-at="2022-07-08T10:54:31 NZST" name="test_voting" finished-at="2022-07-08T10:54:39 NZST" duration-ms="7906" status="PASS">
          <reporter-output>
          </reporter-output>
        </test-method> <!-- test_voting -->
        <test-method is-config="true" signature="tearDown()[pri:0, instance:com.buggy.car.portals.tests.ProfileTest@7c51f34b]" started-at="2022-07-08T10:54:39 NZST" name="tearDown" finished-at="2022-07-08T10:54:39 NZST" duration-ms="110" status="PASS">
          <reporter-output>
          </reporter-output>
        </test-method> <!-- tearDown -->
      </class> <!-- com.buggy.car.portals.tests.ProfileTest -->
    </test> <!-- Buggy Cars Profile Logout Tests -->
  </suite> <!-- Buggy Cars Portal Tests -->
</testng-results>
