<?xml version="1.0" encoding="UTF-8"?>
<testng-results ignored="0" total="1" passed="1" failed="0" skipped="0">
  <reporter-output>
  </reporter-output>
  <suite started-at="2022-07-06T21:28:01 NZST" name="Default Suite" finished-at="2022-07-06T21:28:05 NZST" duration-ms="4255">
    <groups>
    </groups>
    <test started-at="2022-07-06T21:28:01 NZST" name="BuggyCarsPortal" finished-at="2022-07-06T21:28:05 NZST" duration-ms="4255">
      <class name="com.buggy.car.portals.tests.RegisterTest">
        <test-method is-config="true" signature="setUp()[pri:0, instance:com.buggy.car.portals.tests.RegisterTest@4ef782af]" started-at="2022-07-06T21:28:01 NZST" name="setUp" finished-at="2022-07-06T21:28:04 NZST" duration-ms="2783" status="PASS">
          <reporter-output>
          </reporter-output>
        </test-method> <!-- setUp -->
        <test-method signature="test_valid_register()[pri:0, instance:com.buggy.car.portals.tests.RegisterTest@4ef782af]" started-at="2022-07-06T21:28:04 NZST" name="test_valid_register" finished-at="2022-07-06T21:28:05 NZST" duration-ms="1286" status="PASS">
          <reporter-output>
          </reporter-output>
        </test-method> <!-- test_valid_register -->
        <test-method is-config="true" signature="tearDown()[pri:0, instance:com.buggy.car.portals.tests.RegisterTest@4ef782af]" started-at="2022-07-06T21:28:05 NZST" name="tearDown" finished-at="2022-07-06T21:28:05 NZST" duration-ms="164" status="PASS">
          <reporter-output>
          </reporter-output>
        </test-method> <!-- tearDown -->
      </class> <!-- com.buggy.car.portals.tests.RegisterTest -->
    </test> <!-- BuggyCarsPortal -->
  </suite> <!-- Default Suite -->
</testng-results>
